<?xml version="1.0" encoding="UTF-8"?>
<testng-results skipped="0" failed="0" total="1" passed="1">
  <reporter-output>
  </reporter-output>
  <suite name="sampleCI.HelloTest" duration-ms="48" started-at="2016-04-08T19:38:40Z" finished-at="2016-04-08T19:38:40Z">
    <groups>
    </groups>
    <test name="Command line test" duration-ms="48" started-at="2016-04-08T19:38:40Z" finished-at="2016-04-08T19:38:40Z">
      <class name="sampleCI.HelloTest">
        <test-method status="PASS" signature="sayHello()[pri:0, instance:sampleCI.HelloTest@43a25848]" name="sayHello" duration-ms="23" started-at="2016-04-09T01:08:40Z" finished-at="2016-04-09T01:08:40Z">
          <reporter-output>
          </reporter-output>
        </test-method> <!-- sayHello -->
      </class> <!-- sampleCI.HelloTest -->
    </test> <!-- Command line test -->
  </suite> <!-- sampleCI.HelloTest -->
</testng-results>
